The system is: Windows - 10.0.20185 - AMD64
Compiling the C compiler identification source file "CMakeCCompilerId.c" succeeded.
Compiler: C:/Program Files (x86)/Microsoft Visual Studio/2019/Preview/VC/Tools/MSVC/14.28.29115/bin/Hostx64/x64/cl.exe 
Build flags: 
Id flags:  

The output was:
0
Microsoft (R) C/C++ Optimizing Compiler Version 19.28.29115 for x64
Copyright (C) Microsoft Corporation.  All rights reserved.

CMakeCCompilerId.c
Microsoft (R) Incremental Linker Version 14.28.29115.0
Copyright (C) Microsoft Corporation.  All rights reserved.

/out:CMakeCCompilerId.exe 
CMakeCCompilerId.obj 


Compilation of the C compiler identification source "CMakeCCompilerId.c" produced "CMakeCCompilerId.exe"

Compilation of the C compiler identification source "CMakeCCompilerId.c" produced "CMakeCCompilerId.obj"

The C compiler identification is MSVC, found in "C:/Users/Bruce Segal/OneDrive/Projects/busmaster/Sources/BUSMASTER/out/build/x64-Debug (default)/CMakeFiles/3.17.20032601-MSVC_2/CompilerIdC/CMakeCCompilerId.exe"

Compiling the CXX compiler identification source file "CMakeCXXCompilerId.cpp" succeeded.
Compiler: C:/Program Files (x86)/Microsoft Visual Studio/2019/Preview/VC/Tools/MSVC/14.28.29115/bin/Hostx64/x64/cl.exe 
Build flags: 
Id flags:  

The output was:
0
Microsoft (R) C/C++ Optimizing Compiler Version 19.28.29115 for x64
Copyright (C) Microsoft Corporation.  All rights reserved.

CMakeCXXCompilerId.cpp
Microsoft (R) Incremental Linker Version 14.28.29115.0
Copyright (C) Microsoft Corporation.  All rights reserved.

/out:CMakeCXXCompilerId.exe 
CMakeCXXCompilerId.obj 


Compilation of the CXX compiler identification source "CMakeCXXCompilerId.cpp" produced "CMakeCXXCompilerId.exe"

Compilation of the CXX compiler identification source "CMakeCXXCompilerId.cpp" produced "CMakeCXXCompilerId.obj"

The CXX compiler identification is MSVC, found in "C:/Users/Bruce Segal/OneDrive/Projects/busmaster/Sources/BUSMASTER/out/build/x64-Debug (default)/CMakeFiles/3.17.20032601-MSVC_2/CompilerIdCXX/CMakeCXXCompilerId.exe"

Determining if the C compiler works passed with the following output:
Change Dir: C:/Users/Bruce Segal/OneDrive/Projects/busmaster/Sources/BUSMASTER/out/build/x64-Debug (default)/CMakeFiles/CMakeTmp

Run Build Command(s):C:/Program Files (x86)/Microsoft Visual Studio/2019/Preview/Common7/IDE/CommonExtensions/Microsoft/CMake/Ninja/ninja.exe cmTC_21dc5 && [1/2] Building C object CMakeFiles\cmTC_21dc5.dir\testCCompiler.c.obj
[2/2] Linking C executable cmTC_21dc5.exe



Detecting C compiler ABI info compiled with the following output:
Change Dir: C:/Users/Bruce Segal/OneDrive/Projects/busmaster/Sources/BUSMASTER/out/build/x64-Debug (default)/CMakeFiles/CMakeTmp

Run Build Command(s):C:/Program Files (x86)/Microsoft Visual Studio/2019/Preview/Common7/IDE/CommonExtensions/Microsoft/CMake/Ninja/ninja.exe cmTC_09e9d && [1/2] Building C object CMakeFiles\cmTC_09e9d.dir\CMakeCCompilerABI.c.obj
[2/2] Linking C executable cmTC_09e9d.exe



Determining if the CXX compiler works passed with the following output:
Change Dir: C:/Users/Bruce Segal/OneDrive/Projects/busmaster/Sources/BUSMASTER/out/build/x64-Debug (default)/CMakeFiles/CMakeTmp

Run Build Command(s):C:/Program Files (x86)/Microsoft Visual Studio/2019/Preview/Common7/IDE/CommonExtensions/Microsoft/CMake/Ninja/ninja.exe cmTC_a070a && [1/2] Building CXX object CMakeFiles\cmTC_a070a.dir\testCXXCompiler.cxx.obj
[2/2] Linking CXX executable cmTC_a070a.exe



Detecting CXX compiler ABI info compiled with the following output:
Change Dir: C:/Users/Bruce Segal/OneDrive/Projects/busmaster/Sources/BUSMASTER/out/build/x64-Debug (default)/CMakeFiles/CMakeTmp

Run Build Command(s):C:/Program Files (x86)/Microsoft Visual Studio/2019/Preview/Common7/IDE/CommonExtensions/Microsoft/CMake/Ninja/ninja.exe cmTC_e0d46 && [1/2] Building CXX object CMakeFiles\cmTC_e0d46.dir\CMakeCXXCompilerABI.cpp.obj
[2/2] Linking CXX executable cmTC_e0d46.exe



