cl : command line warning D9035: option 'Gm' has been deprecated and will be removed in a future release
  MultiLanguage.cpp
  _WIN32_WINNT not defined. Defaulting to _WIN32_WINNT_MAXVER (see WinSDKVer.h)
C:\Users\Bruce Segal\OneDrive\Projects\busmaster\Sources\BUSMASTER\Application\stdAfx.h(81,1): warning C4192: automatically excluding 'ISequentialStream' while importing type library 'msxml6.dll'
C:\Users\Bruce Segal\OneDrive\Projects\busmaster\Sources\BUSMASTER\Application\stdAfx.h(81,1): warning C4192: automatically excluding '_FILETIME' while importing type library 'msxml6.dll'
C:\Users\Bruce Segal\OneDrive\Projects\busmaster\Sources\BUSMASTER\Application\MultiLanguage.cpp(174,15): warning C4996: 'GetVersion': was declared deprecated
C:\Users\Bruce Segal\OneDrive\Projects\busmaster\Sources\BUSMASTER\Application\MultiLanguage.cpp(144,9): warning C4189: 'nPrimaryLang': local variable is initialized but not referenced
C:\Users\Bruce Segal\OneDrive\Projects\busmaster\Sources\BUSMASTER\Application\MultiLanguage.cpp(146,10): warning C4189: 'lcid': local variable is initialized but not referenced
C:\Users\Bruce Segal\OneDrive\Projects\busmaster\Sources\BUSMASTER\Application\MultiLanguage.cpp(145,9): warning C4189: 'nSubLang': local variable is initialized but not referenced
C:\Users\Bruce Segal\OneDrive\Projects\busmaster\Sources\BUSMASTER\Application\MultiLanguage.cpp(328,9): warning C4189: 'nPrimaryLang': local variable is initialized but not referenced
C:\Users\Bruce Segal\OneDrive\Projects\busmaster\Sources\BUSMASTER\Application\MultiLanguage.cpp(331,9): warning C4189: 'nLocales': local variable is initialized but not referenced
C:\Users\Bruce Segal\OneDrive\Projects\busmaster\Sources\BUSMASTER\Application\MultiLanguage.cpp(330,10): warning C4189: 'lcid': local variable is initialized but not referenced
C:\Users\Bruce Segal\OneDrive\Projects\busmaster\Sources\BUSMASTER\Application\MultiLanguage.cpp(329,9): warning C4189: 'nSubLang': local variable is initialized but not referenced
C:\Users\Bruce Segal\OneDrive\Projects\busmaster\Sources\BUSMASTER\Application\MultiLanguage.cpp(388,13): warning C4189: 'nSubLang': local variable is initialized but not referenced
  ChangeRegisters.cpp
  _WIN32_WINNT not defined. Defaulting to _WIN32_WINNT_MAXVER (see WinSDKVer.h)
C:\Users\Bruce Segal\OneDrive\Projects\busmaster\Sources\BUSMASTER\CAN_Vector_XL\ChangeRegisters.cpp(1093,13): warning C4189: 'nColumnCount': local variable is initialized but not referenced
C:\Users\Bruce Segal\OneDrive\Projects\busmaster\Sources\BUSMASTER\CAN_Vector_XL\ChangeRegisters.cpp(1794,50): warning C4840: non-portable use of class 'ATL::CStringT<char,StrTraitMFC_DLL<char,ATL::ChTraitsCRT<_CharType>>>' as an argument to a variadic function
          with
          [
              _CharType=char
          ]
C:\Users\Bruce Segal\OneDrive\Projects\busmaster\Sources\BUSMASTER\CAN_Vector_XL\ChangeRegisters.cpp(1794,50): message : 'ATL::CStringT<char,StrTraitMFC_DLL<char,ATL::ChTraitsCRT<_CharType>>>::CStringT' is non-trivial
          with
          [
              _CharType=char
          ]
C:\Program Files (x86)\Microsoft Visual Studio\2019\Preview\VC\Tools\MSVC\14.28.29115\atlmfc\include\cstringt.h(1026,2): message : see declaration of 'ATL::CStringT<char,StrTraitMFC_DLL<char,ATL::ChTraitsCRT<_CharType>>>::CStringT'
          with
          [
              _CharType=char
          ]
C:\Users\Bruce Segal\OneDrive\Projects\busmaster\Sources\BUSMASTER\CAN_Vector_XL\ChangeRegisters.cpp(1794,50): message : the constructor and destructor will not be called; a bitwise copy of the class will be passed as the argument
C:\Program Files (x86)\Microsoft Visual Studio\2019\Preview\VC\Tools\MSVC\14.28.29115\atlmfc\include\afxstr.h(87,43): message : see declaration of 'ATL::CStringT<char,StrTraitMFC_DLL<char,ATL::ChTraitsCRT<_CharType>>>'
          with
          [
              _CharType=char
          ]
C:\Users\Bruce Segal\OneDrive\Projects\busmaster\Sources\BUSMASTER\CAN_Vector_XL\ChangeRegisters.cpp(1820,27): warning C4458: declaration of 'm_usBTR0BTR1' hides class member
C:\Users\Bruce Segal\OneDrive\Projects\busmaster\Sources\BUSMASTER\CAN_Vector_XL\ChangeRegisters.h(164,14): message : see declaration of 'CChangeRegisters::m_usBTR0BTR1'
C:\Users\Bruce Segal\OneDrive\Projects\busmaster\Sources\BUSMASTER\CAN_Vector_XL\ChangeRegisters.cpp(2011,31): warning C4018: '<': signed/unsigned mismatch
C:\Users\Bruce Segal\OneDrive\Projects\busmaster\Sources\BUSMASTER\CAN_Vector_XL\ChangeRegisters.cpp(2018,32): warning C4018: '<': signed/unsigned mismatch
C:\Users\Bruce Segal\OneDrive\Projects\busmaster\Sources\BUSMASTER\CAN_Vector_XL\ChangeRegisters.cpp(2116,50): warning C4840: non-portable use of class 'ATL::CStringT<char,StrTraitMFC_DLL<char,ATL::ChTraitsCRT<_CharType>>>' as an argument to a variadic function
          with
          [
              _CharType=char
          ]
C:\Users\Bruce Segal\OneDrive\Projects\busmaster\Sources\BUSMASTER\CAN_Vector_XL\ChangeRegisters.cpp(2116,50): message : 'ATL::CStringT<char,StrTraitMFC_DLL<char,ATL::ChTraitsCRT<_CharType>>>::CStringT' is non-trivial
          with
          [
              _CharType=char
          ]
C:\Program Files (x86)\Microsoft Visual Studio\2019\Preview\VC\Tools\MSVC\14.28.29115\atlmfc\include\cstringt.h(1026,2): message : see declaration of 'ATL::CStringT<char,StrTraitMFC_DLL<char,ATL::ChTraitsCRT<_CharType>>>::CStringT'
          with
          [
              _CharType=char
          ]
C:\Users\Bruce Segal\OneDrive\Projects\busmaster\Sources\BUSMASTER\CAN_Vector_XL\ChangeRegisters.cpp(2116,50): message : the constructor and destructor will not be called; a bitwise copy of the class will be passed as the argument
C:\Program Files (x86)\Microsoft Visual Studio\2019\Preview\VC\Tools\MSVC\14.28.29115\atlmfc\include\afxstr.h(87,43): message : see declaration of 'ATL::CStringT<char,StrTraitMFC_DLL<char,ATL::ChTraitsCRT<_CharType>>>'
          with
          [
              _CharType=char
          ]
C:\Users\Bruce Segal\OneDrive\Projects\busmaster\Sources\BUSMASTER\CAN_Vector_XL\ChangeRegisters.cpp(2123,87): warning C4840: non-portable use of class 'ATL::CStringT<char,StrTraitMFC_DLL<char,ATL::ChTraitsCRT<_CharType>>>' as an argument to a variadic function
          with
          [
              _CharType=char
          ]
C:\Users\Bruce Segal\OneDrive\Projects\busmaster\Sources\BUSMASTER\CAN_Vector_XL\ChangeRegisters.cpp(2123,87): message : 'ATL::CStringT<char,StrTraitMFC_DLL<char,ATL::ChTraitsCRT<_CharType>>>::CStringT' is non-trivial
          with
          [
              _CharType=char
          ]
C:\Program Files (x86)\Microsoft Visual Studio\2019\Preview\VC\Tools\MSVC\14.28.29115\atlmfc\include\cstringt.h(1026,2): message : see declaration of 'ATL::CStringT<char,StrTraitMFC_DLL<char,ATL::ChTraitsCRT<_CharType>>>::CStringT'
          with
          [
              _CharType=char
          ]
C:\Users\Bruce Segal\OneDrive\Projects\busmaster\Sources\BUSMASTER\CAN_Vector_XL\ChangeRegisters.cpp(2123,87): message : the constructor and destructor will not be called; a bitwise copy of the class will be passed as the argument
C:\Program Files (x86)\Microsoft Visual Studio\2019\Preview\VC\Tools\MSVC\14.28.29115\atlmfc\include\afxstr.h(87,43): message : see declaration of 'ATL::CStringT<char,StrTraitMFC_DLL<char,ATL::ChTraitsCRT<_CharType>>>'
          with
          [
              _CharType=char
          ]
  CANRegAnalysis.cpp
  _WIN32_WINNT not defined. Defaulting to _WIN32_WINNT_MAXVER (see WinSDKVer.h)
  CAN_Vector_XL.cpp
  _WIN32_WINNT not defined. Defaulting to _WIN32_WINNT_MAXVER (see WinSDKVer.h)
C:\Users\Bruce Segal\OneDrive\Projects\busmaster\Sources\Kernel\ProtocolDefinitions\ProtocolsDefinitions.h(23,2): warning C4091: 'typedef ': ignored on left of 'eBUSEVENT' when no variable is declared
C:\Users\Bruce Segal\OneDrive\Projects\busmaster\Sources\BUSMASTER\CAN_Vector_XL\CAN_Vector_XL.cpp(611,29): warning C4189: 'a': local variable is initialized but not referenced
C:\Users\Bruce Segal\OneDrive\Projects\busmaster\Sources\BUSMASTER\CAN_Vector_XL\CAN_Vector_XL.cpp(609,34): warning C4189: 'xlStatus': local variable is initialized but not referenced
C:\Users\Bruce Segal\OneDrive\Projects\busmaster\Sources\BUSMASTER\CAN_Vector_XL\CAN_Vector_XL.cpp(1221,38): warning C4018: '<': signed/unsigned mismatch
C:\Users\Bruce Segal\OneDrive\Projects\busmaster\Sources\BUSMASTER\CAN_Vector_XL\CAN_Vector_XL.cpp(1363,43): warning C4018: '>=': signed/unsigned mismatch
C:\Users\Bruce Segal\OneDrive\Projects\busmaster\Sources\BUSMASTER\CAN_Vector_XL\CAN_Vector_XL.cpp(1460,9): warning C4189: 'nSize': local variable is initialized but not referenced
C:\Users\Bruce Segal\OneDrive\Projects\busmaster\Sources\BUSMASTER\CAN_Vector_XL\CAN_Vector_XL.cpp(1499,11): warning C4189: 'dwResult': local variable is initialized but not referenced
C:\Users\Bruce Segal\OneDrive\Projects\busmaster\Sources\BUSMASTER\CAN_Vector_XL\CAN_Vector_XL.cpp(2290,43): warning C4018: '>=': signed/unsigned mismatch
C:\Users\Bruce Segal\OneDrive\Projects\busmaster\Sources\BUSMASTER\CAN_Vector_XL\CAN_Vector_XL.cpp(2301,29): warning C4244: '=': conversion from 'int' to 'UCHAR', possible loss of data
C:\Users\Bruce Segal\OneDrive\Projects\busmaster\Sources\BUSMASTER\CAN_Vector_XL\CAN_Vector_XL.cpp(2647,37): warning C4018: '<': signed/unsigned mismatch
C:\Users\Bruce Segal\OneDrive\Projects\busmaster\Sources\BUSMASTER\CAN_Vector_XL\CAN_Vector_XL.cpp(2659,33): warning C4018: '<': signed/unsigned mismatch
  AcceptanceFilterDlg.cpp
  _WIN32_WINNT not defined. Defaulting to _WIN32_WINNT_MAXVER (see WinSDKVer.h)
C:\Users\Bruce Segal\OneDrive\Projects\busmaster\Sources\BUSMASTER\CAN_Vector_XL\AcceptanceFilterDlg.cpp(173,10): warning C4189: 'bButtonChecked': local variable is initialized but not referenced
  HardwareListingCAN.cpp
  _WIN32_WINNT not defined. Defaulting to _WIN32_WINNT_MAXVER (see WinSDKVer.h)
C:\Users\Bruce Segal\OneDrive\Projects\busmaster\Sources\Kernel\ProtocolDefinitions\ProtocolsDefinitions.h(23,2): warning C4091: 'typedef ': ignored on left of 'eBUSEVENT' when no variable is declared
C:\Users\Bruce Segal\OneDrive\Projects\busmaster\Sources\BUSMASTER\DIL_Interface\HardwareListingCAN.cpp(727,35): warning C4018: '<': signed/unsigned mismatch
C:\Users\Bruce Segal\OneDrive\Projects\busmaster\Sources\BUSMASTER\DIL_Interface\HardwareListingCAN.cpp(1104,24): warning C4245: 'initializing': conversion from 'int' to 'UINT', signed/unsigned mismatch
C:\Users\Bruce Segal\OneDrive\Projects\busmaster\Sources\BUSMASTER\DIL_Interface\HardwareListingCAN.cpp(1149,72): warning C4100: 'pResult': unreferenced formal parameter
C:\Users\Bruce Segal\OneDrive\Projects\busmaster\Sources\BUSMASTER\DIL_Interface\HardwareListingCAN.cpp(1149,55): warning C4100: 'pNMHDR': unreferenced formal parameter
C:\Users\Bruce Segal\OneDrive\Projects\busmaster\Sources\BUSMASTER\DIL_Interface\HardwareListingCAN.cpp(1153,80): warning C4100: 'pResult': unreferenced formal parameter
C:\Users\Bruce Segal\OneDrive\Projects\busmaster\Sources\BUSMASTER\DIL_Interface\HardwareListingCAN.cpp(1153,63): warning C4100: 'pNMHDR': unreferenced formal parameter
C:\Users\Bruce Segal\OneDrive\Projects\busmaster\Sources\BUSMASTER\DIL_Interface\HardwareListingCAN.cpp(1231,12): warning C4189: 'dBaudRate': local variable is initialized but not referenced
  Generating Code...
C:\Users\Bruce Segal\OneDrive\Projects\busmaster\Sources\BUSMASTER\DIL_Interface\HardwareListingCAN.cpp(1228): warning C4701: potentially uninitialized local variable 'unButtonState' used
C:\Program Files (x86)\Microsoft Visual Studio\2019\Preview\MSBuild\Microsoft\VC\v160\Microsoft.CppBuild.targets(1324,5): warning MSB8012: TargetPath(C:\Users\Bruce Segal\OneDrive\Projects\busmaster\Sources\BUSMASTER\CAN_Vector_XL\Debug\CAN_Vector_XL.dll) does not match the Linker's OutputFile property value (C:\Users\Bruce Segal\OneDrive\Projects\busmaster\Sources\BUSMASTER\bin\Debug\CAN_Vector_XL.dll). This may cause your project to build incorrectly. To correct this, please make sure that $(OutDir), $(TargetName) and $(TargetExt) property values match the value specified in %(Link.OutputFile).
LINK : fatal error LNK1104: cannot open file 'C:\Users\Bruce Segal\OneDrive\Projects\busmaster\Sources\BUSMASTER\\BIN\Libs\Debug\Utils.lib'
