c:\users\bruce segal\onedrive\projects\busmaster\sources\kernel\busmasterdriverinterface\dil_j1939\debug\vc142.pdb
c:\users\bruce segal\onedrive\projects\busmaster\sources\kernel\busmasterdriverinterface\dil_j1939\debug\vc142.idb
c:\users\bruce segal\onedrive\projects\busmaster\sources\kernel\bin\dumpfiles\debug\obj\dil_j1939\connectiondet.obj
c:\users\bruce segal\onedrive\projects\busmaster\sources\kernel\bin\dumpfiles\debug\obj\dil_j1939\dil_j1939.obj
c:\users\bruce segal\onedrive\projects\busmaster\sources\kernel\bin\dumpfiles\debug\obj\dil_j1939\dil_j1939_stdafx.obj
c:\users\bruce segal\onedrive\projects\busmaster\sources\kernel\bin\dumpfiles\debug\obj\dil_j1939\monitornode.obj
c:\users\bruce segal\onedrive\projects\busmaster\sources\kernel\bin\dumpfiles\debug\obj\dil_j1939\networkmgmt.obj
c:\users\bruce segal\onedrive\projects\busmaster\sources\kernel\bin\dumpfiles\debug\obj\dil_j1939\nodeconmanager.obj
c:\users\bruce segal\onedrive\projects\busmaster\sources\kernel\bin\dumpfiles\debug\obj\dil_j1939\readcanmsg.obj
c:\users\bruce segal\onedrive\projects\busmaster\sources\kernel\bin\dumpfiles\debug\obj\dil_j1939\transferlayer.obj
c:\users\bruce segal\onedrive\projects\busmaster\sources\kernel\bin\libs\debug\dil_j1939.lib
c:\users\bruce segal\onedrive\projects\busmaster\sources\kernel\bin\libs\debug\dil_j1939.exp
c:\users\bruce segal\onedrive\projects\busmaster\sources\kernel\busmasterdriverinterface\dil_j1939\debug\dil_j1939.dll
c:\users\bruce segal\onedrive\projects\busmaster\sources\kernel\bin\dumpfiles\debug\pdb\dil_j1939.pdb
c:\users\bruce segal\onedrive\projects\busmaster\sources\kernel\busmasterdriverinterface\dil_j1939\debug\dil_j1939.tlog\cl.command.1.tlog
c:\users\bruce segal\onedrive\projects\busmaster\sources\kernel\busmasterdriverinterface\dil_j1939\debug\dil_j1939.tlog\cl.read.1.tlog
c:\users\bruce segal\onedrive\projects\busmaster\sources\kernel\busmasterdriverinterface\dil_j1939\debug\dil_j1939.tlog\cl.write.1.tlog
c:\users\bruce segal\onedrive\projects\busmaster\sources\kernel\busmasterdriverinterface\dil_j1939\debug\dil_j1939.tlog\dil_j1939.write.1u.tlog
c:\users\bruce segal\onedrive\projects\busmaster\sources\kernel\busmasterdriverinterface\dil_j1939\debug\dil_j1939.tlog\link.command.1.tlog
c:\users\bruce segal\onedrive\projects\busmaster\sources\kernel\busmasterdriverinterface\dil_j1939\debug\dil_j1939.tlog\link.read.1.tlog
c:\users\bruce segal\onedrive\projects\busmaster\sources\kernel\busmasterdriverinterface\dil_j1939\debug\dil_j1939.tlog\link.write.1.tlog
