cl : command line warning D9035: option 'Gm' has been deprecated and will be removed in a future release
  TransferLayer.cpp
C:\Users\Bruce Segal\OneDrive\Projects\busmaster\Sources\Kernel\BusmasterDriverInterface\Include\J1939DriverDefines.h(238,2): warning C4091: 'typedef ': ignored on left of 'EJ1939_MSG_TYPE' when no variable is declared
  ReadCanMsg.cpp
C:\Users\Bruce Segal\OneDrive\Projects\busmaster\Sources\Kernel\BusmasterDriverInterface\Include\J1939DriverDefines.h(238,2): warning C4091: 'typedef ': ignored on left of 'EJ1939_MSG_TYPE' when no variable is declared
  NodeConManager.cpp
C:\Users\Bruce Segal\OneDrive\Projects\busmaster\Sources\Kernel\BusmasterDriverInterface\Include\J1939DriverDefines.h(238,2): warning C4091: 'typedef ': ignored on left of 'EJ1939_MSG_TYPE' when no variable is declared
C:\Users\Bruce Segal\OneDrive\Projects\busmaster\Sources\Kernel\ProtocolDefinitions\ProtocolsDefinitions.h(23,2): warning C4091: 'typedef ': ignored on left of 'eBUSEVENT' when no variable is declared
C:\Users\Bruce Segal\OneDrive\Projects\busmaster\Sources\Kernel\BusmasterDriverInterface\DIL_J1939\NodeConManager.cpp(265,5): warning C4996: 'strcpy': This function or variable may be unsafe. Consider using strcpy_s instead. To disable deprecation, use _CRT_SECURE_NO_WARNINGS. See online help for details.
  NetworkMgmt.cpp
C:\Users\Bruce Segal\OneDrive\Projects\busmaster\Sources\Kernel\BusmasterDriverInterface\Include\J1939DriverDefines.h(238,2): warning C4091: 'typedef ': ignored on left of 'EJ1939_MSG_TYPE' when no variable is declared
C:\Users\Bruce Segal\OneDrive\Projects\busmaster\Sources\Kernel\BusmasterDriverInterface\DIL_J1939\NetworkMgmt.cpp(296,17): warning C4996: 'strcpy': This function or variable may be unsafe. Consider using strcpy_s instead. To disable deprecation, use _CRT_SECURE_NO_WARNINGS. See online help for details.
  MonitorNode.cpp
C:\Users\Bruce Segal\OneDrive\Projects\busmaster\Sources\Kernel\BusmasterDriverInterface\Include\J1939DriverDefines.h(238,2): warning C4091: 'typedef ': ignored on left of 'EJ1939_MSG_TYPE' when no variable is declared
  DIL_J1939_stdafx.cpp
  DIL_J1939.cpp
C:\Users\Bruce Segal\OneDrive\Projects\busmaster\Sources\Kernel\BusmasterDriverInterface\Include\J1939DriverDefines.h(238,2): warning C4091: 'typedef ': ignored on left of 'EJ1939_MSG_TYPE' when no variable is declared
  ConnectionDet.cpp
C:\Users\Bruce Segal\OneDrive\Projects\busmaster\Sources\Kernel\BusmasterDriverInterface\Include\J1939DriverDefines.h(238,2): warning C4091: 'typedef ': ignored on left of 'EJ1939_MSG_TYPE' when no variable is declared
  Generating Code...
LINK : warning LNK4075: ignoring '/INCREMENTAL' due to '/OPT:ICF' specification
Utilities.lib(Utility_Thread.obj) : warning LNK4075: ignoring '/EDITANDCONTINUE' due to '/OPT:ICF' specification
     Creating library C:\Users\Bruce Segal\OneDrive\Projects\busmaster\Sources\Kernel\/BIN/Libs/Debug\DIL_J1939.lib and object C:\Users\Bruce Segal\OneDrive\Projects\busmaster\Sources\Kernel\/BIN/Libs/Debug\DIL_J1939.exp
  J1939.vcxproj -> C:\Users\Bruce Segal\OneDrive\Projects\busmaster\Sources\Kernel\BusmasterDriverInterface\DIL_J1939\Debug\DIL_J1939.dll
  A subdirectory or file C:\Users\Bruce Segal\OneDrive\Projects\busmaster\Sources\Kernel\..\BUSMASTER\BIN\Debug\ already exists.
          1 file(s) copied.
