c:\users\bruce segal\onedrive\projects\busmaster\sources\kernel\busmasterdriverinterface\debug\busmasterdriverinterface.lib
c:\users\bruce segal\onedrive\projects\busmaster\sources\kernel\busmasterdriverinterface\debug\busmasterdriverinterface.exp
c:\users\bruce segal\onedrive\projects\busmaster\sources\kernel\busmasterdriverinterface\debug\busmasterdriverinterface.pch
c:\users\bruce segal\onedrive\projects\busmaster\sources\kernel\busmasterdriverinterface\debug\vc142.pdb
c:\users\bruce segal\onedrive\projects\busmaster\sources\kernel\busmasterdriverinterface\debug\vc142.idb
c:\users\bruce segal\onedrive\projects\busmaster\sources\kernel\busmasterdriverinterface\debug\stdafx.obj
c:\users\bruce segal\onedrive\projects\busmaster\sources\kernel\busmasterdriverinterface\debug\dil_lin.obj
c:\users\bruce segal\onedrive\projects\busmaster\sources\kernel\busmasterdriverinterface\debug\dil_can.obj
c:\users\bruce segal\onedrive\projects\busmaster\sources\kernel\busmasterdriverinterface\debug\dill_dummy.obj
c:\users\bruce segal\onedrive\projects\busmaster\sources\kernel\busmasterdriverinterface\debug\dili_j1939.obj
c:\users\bruce segal\onedrive\projects\busmaster\sources\kernel\busmasterdriverinterface\debug\dilc_dummy.obj
c:\users\bruce segal\onedrive\projects\busmaster\sources\kernel\busmasterdriverinterface\debug\busmasterdriverinterface.obj
c:\users\bruce segal\onedrive\projects\busmaster\sources\kernel\busmasterdriverinterface\debug\dllmain.obj
c:\users\bruce segal\onedrive\projects\busmaster\sources\kernel\busmasterdriverinterface\debug\busmasterdriverinterface.ilk
c:\users\bruce segal\onedrive\projects\busmaster\sources\kernel\busmasterdriverinterface\debug\busmasterdriverinterface.dll
c:\users\bruce segal\onedrive\projects\busmaster\sources\kernel\busmasterdriverinterface\debug\busmasterdriverinterface.pdb
c:\users\bruce segal\onedrive\projects\busmaster\sources\kernel\busmasterdriverinterface\debug\busmaste.0aa85cd7.tlog\busmasterdriverinterface.write.1u.tlog
c:\users\bruce segal\onedrive\projects\busmaster\sources\kernel\busmasterdriverinterface\debug\busmaste.0aa85cd7.tlog\cl.command.1.tlog
c:\users\bruce segal\onedrive\projects\busmaster\sources\kernel\busmasterdriverinterface\debug\busmaste.0aa85cd7.tlog\cl.read.1.tlog
c:\users\bruce segal\onedrive\projects\busmaster\sources\kernel\busmasterdriverinterface\debug\busmaste.0aa85cd7.tlog\cl.write.1.tlog
c:\users\bruce segal\onedrive\projects\busmaster\sources\kernel\busmasterdriverinterface\debug\busmaste.0aa85cd7.tlog\link.command.1.tlog
c:\users\bruce segal\onedrive\projects\busmaster\sources\kernel\busmasterdriverinterface\debug\busmaste.0aa85cd7.tlog\link.delete.1.tlog
c:\users\bruce segal\onedrive\projects\busmaster\sources\kernel\busmasterdriverinterface\debug\busmaste.0aa85cd7.tlog\link.read.1.tlog
c:\users\bruce segal\onedrive\projects\busmaster\sources\kernel\busmasterdriverinterface\debug\busmaste.0aa85cd7.tlog\link.write.1.tlog
