cl : command line warning D9035: option 'Gm' has been deprecated and will be removed in a future release
  LIN_Vector_XL_stdafx.cpp
  _WIN32_WINNT not defined. Defaulting to _WIN32_WINNT_MAXVER (see WinSDKVer.h)
  LIN_Vector_XL.cpp
  _WIN32_WINNT not defined. Defaulting to _WIN32_WINNT_MAXVER (see WinSDKVer.h)
C:\Users\Bruce Segal\OneDrive\Projects\busmaster\Sources\Kernel\ProtocolDefinitions\ProtocolsDefinitions.h(23,2): warning C4091: 'typedef ': ignored on left of 'eBUSEVENT' when no variable is declared
C:\Users\Bruce Segal\OneDrive\Projects\busmaster\Sources\Kernel\ProtocolDefinitions\CCompuMethod.h(27,2): warning C4091: 'typedef ': ignored on left of 'eCompuType' when no variable is declared
C:\Users\Bruce Segal\OneDrive\Projects\busmaster\Sources\BUSMASTER\LIN_Vector_XL\LIN_Vector_XL.cpp(155,43): warning C4018: '>=': signed/unsigned mismatch
C:\Users\Bruce Segal\OneDrive\Projects\busmaster\Sources\BUSMASTER\LIN_Vector_XL\LIN_Vector_XL.cpp(172,73): warning C4244: '=': conversion from 'LONGLONG' to 'unsigned long', possible loss of data
C:\Users\Bruce Segal\OneDrive\Projects\busmaster\Sources\BUSMASTER\LIN_Vector_XL\LIN_Vector_XL.cpp(596,43): warning C4018: '>=': signed/unsigned mismatch
C:\Users\Bruce Segal\OneDrive\Projects\busmaster\Sources\BUSMASTER\LIN_Vector_XL\LIN_Vector_XL.cpp(1272,38): warning C4018: '<': signed/unsigned mismatch
  HardwareListing.cpp
  _WIN32_WINNT not defined. Defaulting to _WIN32_WINNT_MAXVER (see WinSDKVer.h)
C:\Users\Bruce Segal\OneDrive\Projects\busmaster\Sources\Kernel\ProtocolDefinitions\ProtocolsDefinitions.h(23,2): warning C4091: 'typedef ': ignored on left of 'eBUSEVENT' when no variable is declared
C:\Users\Bruce Segal\OneDrive\Projects\busmaster\Sources\BUSMASTER\DIL_Interface\HardwareListing.cpp(538,35): warning C4018: '<': signed/unsigned mismatch
  CommanDIL_LIN.cpp
  _WIN32_WINNT not defined. Defaulting to _WIN32_WINNT_MAXVER (see WinSDKVer.h)
C:\Users\Bruce Segal\OneDrive\Projects\busmaster\Sources\Kernel\ProtocolDefinitions\ProtocolsDefinitions.h(23,2): warning C4091: 'typedef ': ignored on left of 'eBUSEVENT' when no variable is declared
C:\Users\Bruce Segal\OneDrive\Projects\busmaster\Sources\Kernel\ProtocolDefinitions\CCompuMethod.h(27,2): warning C4091: 'typedef ': ignored on left of 'eCompuType' when no variable is declared
C:\Users\Bruce Segal\OneDrive\Projects\busmaster\Sources\BUSMASTER\DIL_Interface\CommanDIL_LIN.cpp(845,73): warning C4018: '>=': signed/unsigned mismatch
  Generating Code...
C:\Program Files (x86)\Microsoft Visual Studio\2019\Preview\MSBuild\Microsoft\VC\v160\Microsoft.CppBuild.targets(1324,5): warning MSB8012: TargetPath(C:\Users\Bruce Segal\OneDrive\Projects\busmaster\Sources\BUSMASTER\LIN_Vector_XL\Debug\LIN_Vector_XL.dll) does not match the Linker's OutputFile property value (C:\Users\Bruce Segal\OneDrive\Projects\busmaster\Sources\BUSMASTER\bin\Debug\LIN_Vector_XL.dll). This may cause your project to build incorrectly. To correct this, please make sure that $(OutDir), $(TargetName) and $(TargetExt) property values match the value specified in %(Link.OutputFile).
LINK : fatal error LNK1104: cannot open file 'C:\Users\Bruce Segal\OneDrive\Projects\busmaster\Sources\BUSMASTER\\BIN\Libs\Debug\Utils.lib'
