cl : command line warning D9035: option 'Gm' has been deprecated and will be removed in a future release
  UDS_DataTypes.cpp
  _WIN32_WINNT not defined. Defaulting to _WIN32_WINNT_MAXVER (see WinSDKVer.h)
C:\Users\Bruce Segal\OneDrive\Projects\busmaster\Sources\Kernel\ProtocolDefinitions\ProtocolsDefinitions.h(23,2): warning C4091: 'typedef ': ignored on left of 'eBUSEVENT' when no variable is declared
C:\Users\Bruce Segal\OneDrive\Projects\busmaster\Sources\BUSMASTER\include\BaseDefs.h(51,2): warning C4091: 'typedef ': ignored on left of 'eBUSEVEHANDLER' when no variable is declared
C:\Users\Bruce Segal\OneDrive\Projects\busmaster\Sources\BUSMASTER\DataTypes\UDS_DataTypes.h(24,2): warning C4091: 'typedef ': ignored on left of 'UDS_INTERFACE' when no variable is declared
C:\Users\Bruce Segal\OneDrive\Projects\busmaster\Sources\BUSMASTER\DataTypes\UDS_DataTypes.h(30,2): warning C4091: 'typedef ': ignored on left of 'DIAGNOSTIC_STANDARD' when no variable is declared
C:\Users\Bruce Segal\OneDrive\Projects\busmaster\Sources\BUSMASTER\DataTypes\UDS_DataTypes.h(38,2): warning C4091: 'typedef ': ignored on left of 'TYPE_OF_FRAME' when no variable is declared
  ProjConfig_DataTypes.cpp
  _WIN32_WINNT not defined. Defaulting to _WIN32_WINNT_MAXVER (see WinSDKVer.h)
C:\Users\Bruce Segal\OneDrive\Projects\busmaster\Sources\Kernel\ProtocolDefinitions\ProtocolsDefinitions.h(23,2): warning C4091: 'typedef ': ignored on left of 'eBUSEVENT' when no variable is declared
C:\Users\Bruce Segal\OneDrive\Projects\busmaster\Sources\BUSMASTER\include\BaseDefs.h(51,2): warning C4091: 'typedef ': ignored on left of 'eBUSEVEHANDLER' when no variable is declared
  NSCodeGenHelperFactory.cpp
  _WIN32_WINNT not defined. Defaulting to _WIN32_WINNT_MAXVER (see WinSDKVer.h)
C:\Users\Bruce Segal\OneDrive\Projects\busmaster\Sources\Kernel\ProtocolDefinitions\ProtocolsDefinitions.h(23,2): warning C4091: 'typedef ': ignored on left of 'eBUSEVENT' when no variable is declared
C:\Users\Bruce Segal\OneDrive\Projects\busmaster\Sources\BUSMASTER\include\BaseDefs.h(51,2): warning C4091: 'typedef ': ignored on left of 'eBUSEVEHANDLER' when no variable is declared
  NodeSimCodeGenerator.cpp
  _WIN32_WINNT not defined. Defaulting to _WIN32_WINNT_MAXVER (see WinSDKVer.h)
C:\Users\Bruce Segal\OneDrive\Projects\busmaster\Sources\Kernel\ProtocolDefinitions\ProtocolsDefinitions.h(23,2): warning C4091: 'typedef ': ignored on left of 'eBUSEVENT' when no variable is declared
C:\Users\Bruce Segal\OneDrive\Projects\busmaster\Sources\BUSMASTER\include\BaseDefs.h(51,2): warning C4091: 'typedef ': ignored on left of 'eBUSEVEHANDLER' when no variable is declared
C:\Users\Bruce Segal\OneDrive\Projects\busmaster\Sources\Kernel\ProtocolDefinitions\CCompuMethod.h(27,2): warning C4091: 'typedef ': ignored on left of 'eCompuType' when no variable is declared
C:\Users\Bruce Segal\OneDrive\Projects\busmaster\Sources\BUSMASTER\DataTypes\NodeSimCodeGenerator.cpp(368,26): warning C4129: ' ': unrecognized character escape sequence
  MsgSignal_Datatypes.cpp
  _WIN32_WINNT not defined. Defaulting to _WIN32_WINNT_MAXVER (see WinSDKVer.h)
C:\Users\Bruce Segal\OneDrive\Projects\busmaster\Sources\Kernel\ProtocolDefinitions\ProtocolsDefinitions.h(23,2): warning C4091: 'typedef ': ignored on left of 'eBUSEVENT' when no variable is declared
C:\Users\Bruce Segal\OneDrive\Projects\busmaster\Sources\BUSMASTER\include\BaseDefs.h(51,2): warning C4091: 'typedef ': ignored on left of 'eBUSEVEHANDLER' when no variable is declared
C:\Users\Bruce Segal\OneDrive\Projects\busmaster\Sources\BUSMASTER\DataTypes\MsgSignal_Datatypes.cpp(240,21): warning C4244: 'initializing': conversion from 'double' to 'UINT64', possible loss of data
  MainSubEntry.cpp
  _WIN32_WINNT not defined. Defaulting to _WIN32_WINNT_MAXVER (see WinSDKVer.h)
C:\Users\Bruce Segal\OneDrive\Projects\busmaster\Sources\Kernel\ProtocolDefinitions\ProtocolsDefinitions.h(23,2): warning C4091: 'typedef ': ignored on left of 'eBUSEVENT' when no variable is declared
C:\Users\Bruce Segal\OneDrive\Projects\busmaster\Sources\BUSMASTER\include\BaseDefs.h(51,2): warning C4091: 'typedef ': ignored on left of 'eBUSEVEHANDLER' when no variable is declared
  Log_Datatypes.cpp
  _WIN32_WINNT not defined. Defaulting to _WIN32_WINNT_MAXVER (see WinSDKVer.h)
C:\Users\Bruce Segal\OneDrive\Projects\busmaster\Sources\Kernel\ProtocolDefinitions\ProtocolsDefinitions.h(23,2): warning C4091: 'typedef ': ignored on left of 'eBUSEVENT' when no variable is declared
C:\Users\Bruce Segal\OneDrive\Projects\busmaster\Sources\BUSMASTER\include\BaseDefs.h(51,2): warning C4091: 'typedef ': ignored on left of 'eBUSEVEHANDLER' when no variable is declared
C:\Users\Bruce Segal\OneDrive\Projects\busmaster\Sources\BUSMASTER\DataTypes\Log_Datatypes.cpp(209,17): warning C4189: 'omstrLogTime': local variable is initialized but not referenced
C:\Users\Bruce Segal\OneDrive\Projects\busmaster\Sources\BUSMASTER\DataTypes\Log_Datatypes.cpp(260,35): warning C4245: '=': conversion from 'int' to 'UINT', signed/unsigned mismatch
C:\Users\Bruce Segal\OneDrive\Projects\busmaster\Sources\BUSMASTER\DataTypes\Log_Datatypes.cpp(261,34): warning C4245: '=': conversion from 'int' to 'UINT', signed/unsigned mismatch
  LinNsCodeGenHelper.cpp
  _WIN32_WINNT not defined. Defaulting to _WIN32_WINNT_MAXVER (see WinSDKVer.h)
C:\Users\Bruce Segal\OneDrive\Projects\busmaster\Sources\Kernel\ProtocolDefinitions\ProtocolsDefinitions.h(23,2): warning C4091: 'typedef ': ignored on left of 'eBUSEVENT' when no variable is declared
C:\Users\Bruce Segal\OneDrive\Projects\busmaster\Sources\BUSMASTER\include\BaseDefs.h(51,2): warning C4091: 'typedef ': ignored on left of 'eBUSEVEHANDLER' when no variable is declared
  J1939_DataTypes.cpp
  _WIN32_WINNT not defined. Defaulting to _WIN32_WINNT_MAXVER (see WinSDKVer.h)
C:\Users\Bruce Segal\OneDrive\Projects\busmaster\Sources\Kernel\ProtocolDefinitions\ProtocolsDefinitions.h(23,2): warning C4091: 'typedef ': ignored on left of 'eBUSEVENT' when no variable is declared
C:\Users\Bruce Segal\OneDrive\Projects\busmaster\Sources\BUSMASTER\include\BaseDefs.h(51,2): warning C4091: 'typedef ': ignored on left of 'eBUSEVEHANDLER' when no variable is declared
C:\Users\Bruce Segal\OneDrive\Projects\busmaster\Sources\Kernel\BusmasterDriverInterface\Include\J1939DriverDefines.h(238,2): warning C4091: 'typedef ': ignored on left of 'EJ1939_MSG_TYPE' when no variable is declared
C:\Users\Bruce Segal\OneDrive\Projects\busmaster\Sources\BUSMASTER\application\hashdefines.h(138,2): warning C4091: 'typedef ': ignored on left of 'eREPLAYMODE' when no variable is declared
C:\Users\Bruce Segal\OneDrive\Projects\busmaster\Sources\BUSMASTER\application\hashdefines.h(982,2): warning C4091: 'typedef ': ignored on left of 'eCONFIGDETAILS' when no variable is declared
C:\Users\Bruce Segal\OneDrive\Projects\busmaster\Sources\BUSMASTER\application\Common.h(30,2): warning C4091: 'typedef ': ignored on left of '<unnamed-enum-LOAD_CONFIG>' when no variable is declared
  j1939NsCodeGenHelper.cpp
  _WIN32_WINNT not defined. Defaulting to _WIN32_WINNT_MAXVER (see WinSDKVer.h)
C:\Users\Bruce Segal\OneDrive\Projects\busmaster\Sources\Kernel\ProtocolDefinitions\ProtocolsDefinitions.h(23,2): warning C4091: 'typedef ': ignored on left of 'eBUSEVENT' when no variable is declared
C:\Users\Bruce Segal\OneDrive\Projects\busmaster\Sources\BUSMASTER\include\BaseDefs.h(51,2): warning C4091: 'typedef ': ignored on left of 'eBUSEVEHANDLER' when no variable is declared
C:\Users\Bruce Segal\OneDrive\Projects\busmaster\Sources\Kernel\ProtocolDefinitions\CCompuMethod.h(27,2): warning C4091: 'typedef ': ignored on left of 'eCompuType' when no variable is declared
  Filter_Datatypes.cpp
  _WIN32_WINNT not defined. Defaulting to _WIN32_WINNT_MAXVER (see WinSDKVer.h)
C:\Users\Bruce Segal\OneDrive\Projects\busmaster\Sources\Kernel\ProtocolDefinitions\ProtocolsDefinitions.h(23,2): warning C4091: 'typedef ': ignored on left of 'eBUSEVENT' when no variable is declared
C:\Users\Bruce Segal\OneDrive\Projects\busmaster\Sources\BUSMASTER\include\BaseDefs.h(51,2): warning C4091: 'typedef ': ignored on left of 'eBUSEVEHANDLER' when no variable is declared
C:\Users\Bruce Segal\OneDrive\Projects\busmaster\Sources\Kernel\ProtocolDefinitions\CCompuMethod.h(27,2): warning C4091: 'typedef ': ignored on left of 'eCompuType' when no variable is declared
C:\Users\Bruce Segal\OneDrive\Projects\busmaster\Sources\BUSMASTER\DataTypes\Filter_Datatypes.h(564): warning C5037: 'SFILTERAPPLIED<SFRAMEINFO_BASIC_BUS>::pbSetConfigData': an out-of-line definition of a member of a class template cannot have default arguments
C:\Users\Bruce Segal\OneDrive\Projects\busmaster\Sources\BUSMASTER\DataTypes\Filter_Datatypes.cpp(161,21): warning C4244: 'initializing': conversion from 'time_t' to 'UINT', possible loss of data
C:\Users\Bruce Segal\OneDrive\Projects\busmaster\Sources\BUSMASTER\DataTypes\Filter_Datatypes.cpp(161,14): warning C4189: 'unRand': local variable is initialized but not referenced
C:\Users\Bruce Segal\OneDrive\Projects\busmaster\Sources\BUSMASTER\DataTypes\Filter_Datatypes.cpp(285,32): warning C4456: declaration of 'pStpIdPtr' hides previous local declaration
C:\Users\Bruce Segal\OneDrive\Projects\busmaster\Sources\BUSMASTER\DataTypes\Filter_Datatypes.cpp(280,16): message : see declaration of 'pStpIdPtr'
C:\Users\Bruce Segal\OneDrive\Projects\busmaster\Sources\BUSMASTER\DataTypes\Filter_Datatypes.cpp(915,42): warning C4244: '=': conversion from 'INT' to 'BYTE', possible loss of data
C:\Users\Bruce Segal\OneDrive\Projects\busmaster\Sources\BUSMASTER\DataTypes\Filter_Datatypes.cpp(923,43): warning C4244: '=': conversion from 'INT' to 'BYTE', possible loss of data
  CanNsCodeGenHelper.cpp
  _WIN32_WINNT not defined. Defaulting to _WIN32_WINNT_MAXVER (see WinSDKVer.h)
C:\Users\Bruce Segal\OneDrive\Projects\busmaster\Sources\Kernel\ProtocolDefinitions\ProtocolsDefinitions.h(23,2): warning C4091: 'typedef ': ignored on left of 'eBUSEVENT' when no variable is declared
C:\Users\Bruce Segal\OneDrive\Projects\busmaster\Sources\BUSMASTER\include\BaseDefs.h(51,2): warning C4091: 'typedef ': ignored on left of 'eBUSEVEHANDLER' when no variable is declared
C:\Users\Bruce Segal\OneDrive\Projects\busmaster\Sources\Kernel\ProtocolDefinitions\CCompuMethod.h(27,2): warning C4091: 'typedef ': ignored on left of 'eCompuType' when no variable is declared
C:\Program Files (x86)\Microsoft Visual Studio\2019\Preview\MSBuild\Microsoft\VC\v160\Microsoft.CppBuild.targets(1506,5): warning MSB8012: TargetPath(C:\Users\Bruce Segal\OneDrive\Projects\busmaster\Sources\BUSMASTER\DataTypes\Debug\DataTypes.lib) does not match the Library's OutputFile property value (C:\Users\Bruce Segal\OneDrive\Projects\busmaster\Sources\BUSMASTER\BIN\Libs\Debug\DataTypes.lib). This may cause your project to build incorrectly. To correct this, please make sure that $(OutDir), $(TargetName) and $(TargetExt) property values match the value specified in %(Lib.OutputFile).
  DataTypes.vcxproj -> C:\Users\Bruce Segal\OneDrive\Projects\busmaster\Sources\BUSMASTER\DataTypes\Debug\DataTypes.lib
