C:\Program Files (x86)\Microsoft Visual Studio\2019\Preview\MSBuild\Microsoft\VC\v160\Microsoft.CppBuild.targets(492,5): warning MSB8028: The intermediate directory (Debug\) contains files shared from another project (CAN_ETAS_BOA_1_4.vcxproj).  This can lead to incorrect clean and rebuild behavior.
  HardwareListingCAN.cpp
  _WIN32_WINNT not defined. Defaulting to _WIN32_WINNT_MAXVER (see WinSDKVer.h)
C:\Users\Bruce Segal\OneDrive\Projects\busmaster\Sources\Kernel\ProtocolDefinitions\ProtocolsDefinitions.h(23,2): warning C4091: 'typedef ': ignored on left of 'eBUSEVENT' when no variable is declared
C:\Users\Bruce Segal\OneDrive\Projects\busmaster\Sources\BUSMASTER\DIL_Interface\HardwareListingCAN.cpp(727,35): warning C4018: '<': signed/unsigned mismatch
C:\Users\Bruce Segal\OneDrive\Projects\busmaster\Sources\BUSMASTER\DIL_Interface\HardwareListingCAN.cpp(1104,24): warning C4245: 'initializing': conversion from 'int' to 'UINT', signed/unsigned mismatch
C:\Users\Bruce Segal\OneDrive\Projects\busmaster\Sources\BUSMASTER\DIL_Interface\HardwareListingCAN.cpp(1149,72): warning C4100: 'pResult': unreferenced formal parameter
C:\Users\Bruce Segal\OneDrive\Projects\busmaster\Sources\BUSMASTER\DIL_Interface\HardwareListingCAN.cpp(1149,55): warning C4100: 'pNMHDR': unreferenced formal parameter
C:\Users\Bruce Segal\OneDrive\Projects\busmaster\Sources\BUSMASTER\DIL_Interface\HardwareListingCAN.cpp(1153,80): warning C4100: 'pResult': unreferenced formal parameter
C:\Users\Bruce Segal\OneDrive\Projects\busmaster\Sources\BUSMASTER\DIL_Interface\HardwareListingCAN.cpp(1153,63): warning C4100: 'pNMHDR': unreferenced formal parameter
C:\Users\Bruce Segal\OneDrive\Projects\busmaster\Sources\BUSMASTER\DIL_Interface\HardwareListingCAN.cpp(1231,12): warning C4189: 'dBaudRate': local variable is initialized but not referenced
  CAN_ETAS_BOA.cpp
  _WIN32_WINNT not defined. Defaulting to _WIN32_WINNT_MAXVER (see WinSDKVer.h)
C:\Users\Bruce Segal\OneDrive\Projects\busmaster\Sources\Kernel\ProtocolDefinitions\ProtocolsDefinitions.h(23,2): warning C4091: 'typedef ': ignored on left of 'eBUSEVENT' when no variable is declared
C:\Users\Bruce Segal\OneDrive\Projects\busmaster\Sources\BUSMASTER\CAN_ETAS_BOA\CAN_ETAS_BOA.cpp(2024,32): warning C4101: 'capabilities': unreferenced local variable
C:\Users\Bruce Segal\OneDrive\Projects\busmaster\Sources\BUSMASTER\CAN_ETAS_BOA\CAN_ETAS_BOA.cpp(2082,47): warning C4018: '<': signed/unsigned mismatch
C:\Users\Bruce Segal\OneDrive\Projects\busmaster\Sources\BUSMASTER\CAN_ETAS_BOA\CAN_ETAS_BOA.cpp(2095,40): warning C4018: '<': signed/unsigned mismatch
  ChangeRegisters_CAN_ETAS_BOA.cpp
  _WIN32_WINNT not defined. Defaulting to _WIN32_WINNT_MAXVER (see WinSDKVer.h)
C:\Users\Bruce Segal\OneDrive\Projects\busmaster\Sources\BUSMASTER\CAN_ETAS_BOA\ChangeRegisters_CAN_ETAS_BOA.cpp(257,62): warning C4100: 'bEnable': unreferenced formal parameter
C:\Users\Bruce Segal\OneDrive\Projects\busmaster\Sources\BUSMASTER\CAN_ETAS_BOA\ChangeRegisters_CAN_ETAS_BOA.cpp(664,47): warning C4840: non-portable use of class 'ATL::CStringT<char,StrTraitMFC_DLL<char,ATL::ChTraitsCRT<_CharType>>>' as an argument to a variadic function
          with
          [
              _CharType=char
          ]
C:\Users\Bruce Segal\OneDrive\Projects\busmaster\Sources\BUSMASTER\CAN_ETAS_BOA\ChangeRegisters_CAN_ETAS_BOA.cpp(664,47): message : 'ATL::CStringT<char,StrTraitMFC_DLL<char,ATL::ChTraitsCRT<_CharType>>>::CStringT' is non-trivial
          with
          [
              _CharType=char
          ]
C:\Program Files (x86)\Microsoft Visual Studio\2019\Preview\VC\Tools\MSVC\14.28.29115\atlmfc\include\cstringt.h(1026,2): message : see declaration of 'ATL::CStringT<char,StrTraitMFC_DLL<char,ATL::ChTraitsCRT<_CharType>>>::CStringT'
          with
          [
              _CharType=char
          ]
C:\Users\Bruce Segal\OneDrive\Projects\busmaster\Sources\BUSMASTER\CAN_ETAS_BOA\ChangeRegisters_CAN_ETAS_BOA.cpp(664,47): message : the constructor and destructor will not be called; a bitwise copy of the class will be passed as the argument
C:\Program Files (x86)\Microsoft Visual Studio\2019\Preview\VC\Tools\MSVC\14.28.29115\atlmfc\include\afxstr.h(87,43): message : see declaration of 'ATL::CStringT<char,StrTraitMFC_DLL<char,ATL::ChTraitsCRT<_CharType>>>'
          with
          [
              _CharType=char
          ]
C:\Users\Bruce Segal\OneDrive\Projects\busmaster\Sources\BUSMASTER\CAN_ETAS_BOA\ChangeRegisters_CAN_ETAS_BOA.cpp(874,36): warning C4018: '<': signed/unsigned mismatch
C:\Users\Bruce Segal\OneDrive\Projects\busmaster\Sources\BUSMASTER\CAN_ETAS_BOA\ChangeRegisters_CAN_ETAS_BOA.cpp(881,40): warning C4018: '<': signed/unsigned mismatch
C:\Users\Bruce Segal\OneDrive\Projects\busmaster\Sources\BUSMASTER\CAN_ETAS_BOA\ChangeRegisters_CAN_ETAS_BOA.cpp(892,78): warning C4100: 'nItemCount': unreferenced formal parameter
C:\Users\Bruce Segal\OneDrive\Projects\busmaster\Sources\BUSMASTER\CAN_ETAS_BOA\ChangeRegisters_CAN_ETAS_BOA.cpp(901,9): warning C4101: 'dEditBaudRate': unreferenced local variable
C:\Users\Bruce Segal\OneDrive\Projects\busmaster\Sources\BUSMASTER\CAN_ETAS_BOA\ChangeRegisters_CAN_ETAS_BOA.cpp(899,13): warning C4189: 'dProductNbtNBrp': local variable is initialized but not referenced
C:\Users\Bruce Segal\OneDrive\Projects\busmaster\Sources\BUSMASTER\CAN_ETAS_BOA\ChangeRegisters_CAN_ETAS_BOA.cpp(898,13): warning C4189: 'unProductNbtNBrp': local variable is initialized but not referenced
  MultiLanguage.cpp
  _WIN32_WINNT not defined. Defaulting to _WIN32_WINNT_MAXVER (see WinSDKVer.h)
C:\Users\Bruce Segal\OneDrive\Projects\busmaster\Sources\BUSMASTER\Application\stdAfx.h(81,1): warning C4192: automatically excluding 'ISequentialStream' while importing type library 'msxml6.dll'
C:\Users\Bruce Segal\OneDrive\Projects\busmaster\Sources\BUSMASTER\Application\stdAfx.h(81,1): warning C4192: automatically excluding '_FILETIME' while importing type library 'msxml6.dll'
C:\Users\Bruce Segal\OneDrive\Projects\busmaster\Sources\BUSMASTER\Application\MultiLanguage.cpp(174,15): warning C4996: 'GetVersion': was declared deprecated
C:\Users\Bruce Segal\OneDrive\Projects\busmaster\Sources\BUSMASTER\Application\MultiLanguage.cpp(144,9): warning C4189: 'nPrimaryLang': local variable is initialized but not referenced
C:\Users\Bruce Segal\OneDrive\Projects\busmaster\Sources\BUSMASTER\Application\MultiLanguage.cpp(146,10): warning C4189: 'lcid': local variable is initialized but not referenced
C:\Users\Bruce Segal\OneDrive\Projects\busmaster\Sources\BUSMASTER\Application\MultiLanguage.cpp(145,9): warning C4189: 'nSubLang': local variable is initialized but not referenced
C:\Users\Bruce Segal\OneDrive\Projects\busmaster\Sources\BUSMASTER\Application\MultiLanguage.cpp(328,9): warning C4189: 'nPrimaryLang': local variable is initialized but not referenced
C:\Users\Bruce Segal\OneDrive\Projects\busmaster\Sources\BUSMASTER\Application\MultiLanguage.cpp(331,9): warning C4189: 'nLocales': local variable is initialized but not referenced
C:\Users\Bruce Segal\OneDrive\Projects\busmaster\Sources\BUSMASTER\Application\MultiLanguage.cpp(330,10): warning C4189: 'lcid': local variable is initialized but not referenced
C:\Users\Bruce Segal\OneDrive\Projects\busmaster\Sources\BUSMASTER\Application\MultiLanguage.cpp(329,9): warning C4189: 'nSubLang': local variable is initialized but not referenced
C:\Users\Bruce Segal\OneDrive\Projects\busmaster\Sources\BUSMASTER\Application\MultiLanguage.cpp(388,13): warning C4189: 'nSubLang': local variable is initialized but not referenced
  Generating Code...
C:\Users\Bruce Segal\OneDrive\Projects\busmaster\Sources\BUSMASTER\DIL_Interface\HardwareListingCAN.cpp(1228): warning C4701: potentially uninitialized local variable 'unButtonState' used
C:\Program Files (x86)\Microsoft Visual Studio\2019\Preview\MSBuild\Microsoft\VC\v160\Microsoft.CppBuild.targets(1324,5): warning MSB8012: TargetPath(C:\Users\Bruce Segal\OneDrive\Projects\busmaster\Sources\BUSMASTER\CAN_ETAS_BOA\Debug\CAN_ETAS_BOA_1_5.dll) does not match the Linker's OutputFile property value (C:\Users\Bruce Segal\OneDrive\Projects\busmaster\Sources\BUSMASTER\bin\Debug\CAN_ETAS_BOA_1_5.dll). This may cause your project to build incorrectly. To correct this, please make sure that $(OutDir), $(TargetName) and $(TargetExt) property values match the value specified in %(Link.OutputFile).
LINK : fatal error LNK1104: cannot open file 'C:\Users\Bruce Segal\OneDrive\Projects\busmaster\Sources\BUSMASTER\\BIN\Libs\Debug\Utils.lib'
