cl : command line warning D9035: option 'Gm' has been deprecated and will be removed in a future release
  MultiLanguage.cpp
  _WIN32_WINNT not defined. Defaulting to _WIN32_WINNT_MAXVER (see WinSDKVer.h)
C:\Users\Bruce Segal\OneDrive\Projects\busmaster\Sources\BUSMASTER\Application\stdAfx.h(81,1): warning C4192: automatically excluding 'ISequentialStream' while importing type library 'msxml6.dll'
C:\Users\Bruce Segal\OneDrive\Projects\busmaster\Sources\BUSMASTER\Application\stdAfx.h(81,1): warning C4192: automatically excluding '_FILETIME' while importing type library 'msxml6.dll'
C:\Users\Bruce Segal\OneDrive\Projects\busmaster\Sources\BUSMASTER\Application\MultiLanguage.cpp(174,15): warning C4996: 'GetVersion': was declared deprecated
C:\Users\Bruce Segal\OneDrive\Projects\busmaster\Sources\BUSMASTER\Application\MultiLanguage.cpp(144,9): warning C4189: 'nPrimaryLang': local variable is initialized but not referenced
C:\Users\Bruce Segal\OneDrive\Projects\busmaster\Sources\BUSMASTER\Application\MultiLanguage.cpp(146,10): warning C4189: 'lcid': local variable is initialized but not referenced
C:\Users\Bruce Segal\OneDrive\Projects\busmaster\Sources\BUSMASTER\Application\MultiLanguage.cpp(145,9): warning C4189: 'nSubLang': local variable is initialized but not referenced
C:\Users\Bruce Segal\OneDrive\Projects\busmaster\Sources\BUSMASTER\Application\MultiLanguage.cpp(328,9): warning C4189: 'nPrimaryLang': local variable is initialized but not referenced
C:\Users\Bruce Segal\OneDrive\Projects\busmaster\Sources\BUSMASTER\Application\MultiLanguage.cpp(331,9): warning C4189: 'nLocales': local variable is initialized but not referenced
C:\Users\Bruce Segal\OneDrive\Projects\busmaster\Sources\BUSMASTER\Application\MultiLanguage.cpp(330,10): warning C4189: 'lcid': local variable is initialized but not referenced
C:\Users\Bruce Segal\OneDrive\Projects\busmaster\Sources\BUSMASTER\Application\MultiLanguage.cpp(329,9): warning C4189: 'nSubLang': local variable is initialized but not referenced
C:\Users\Bruce Segal\OneDrive\Projects\busmaster\Sources\BUSMASTER\Application\MultiLanguage.cpp(388,13): warning C4189: 'nSubLang': local variable is initialized but not referenced
  CAN_MHS_stdafx.cpp
  _WIN32_WINNT not defined. Defaulting to _WIN32_WINNT_MAXVER (see WinSDKVer.h)
  CAN_MHS.cpp
  _WIN32_WINNT not defined. Defaulting to _WIN32_WINNT_MAXVER (see WinSDKVer.h)
C:\Users\Bruce Segal\OneDrive\Projects\busmaster\Sources\BUSMASTER\CAN_MHS\mhsbmcfg.h(10,57): warning C4099: 'TMhsCanCfg': type name first seen using 'class' now seen using 'struct'
C:\Users\Bruce Segal\OneDrive\Projects\busmaster\Sources\BUSMASTER\CAN_MHS\mhs_types.h(12): message : see declaration of 'TMhsCanCfg'
C:\Users\Bruce Segal\OneDrive\Projects\busmaster\Sources\Kernel\ProtocolDefinitions\ProtocolsDefinitions.h(23,2): warning C4091: 'typedef ': ignored on left of 'eBUSEVENT' when no variable is declared
C:\Users\Bruce Segal\OneDrive\Projects\busmaster\Sources\BUSMASTER\CAN_MHS\CAN_MHS.cpp(372,13): warning C4456: declaration of 'i' hides previous local declaration
C:\Users\Bruce Segal\OneDrive\Projects\busmaster\Sources\BUSMASTER\CAN_MHS\CAN_MHS.cpp(316,10): message : see declaration of 'i'
C:\Users\Bruce Segal\OneDrive\Projects\busmaster\Sources\BUSMASTER\CAN_MHS\CAN_MHS.cpp(749,21): warning C4456: declaration of 'j' hides previous local declaration
C:\Users\Bruce Segal\OneDrive\Projects\busmaster\Sources\BUSMASTER\CAN_MHS\CAN_MHS.cpp(721,23): message : see declaration of 'j'
C:\Users\Bruce Segal\OneDrive\Projects\busmaster\Sources\BUSMASTER\CAN_MHS\CAN_MHS.cpp(1296,87): warning C4100: 'nCount': unreferenced formal parameter
  HardwareListingCAN.cpp
  _WIN32_WINNT not defined. Defaulting to _WIN32_WINNT_MAXVER (see WinSDKVer.h)
C:\Users\Bruce Segal\OneDrive\Projects\busmaster\Sources\Kernel\ProtocolDefinitions\ProtocolsDefinitions.h(23,2): warning C4091: 'typedef ': ignored on left of 'eBUSEVENT' when no variable is declared
C:\Users\Bruce Segal\OneDrive\Projects\busmaster\Sources\BUSMASTER\DIL_Interface\HardwareListingCAN.cpp(727,35): warning C4018: '<': signed/unsigned mismatch
C:\Users\Bruce Segal\OneDrive\Projects\busmaster\Sources\BUSMASTER\DIL_Interface\HardwareListingCAN.cpp(1104,24): warning C4245: 'initializing': conversion from 'int' to 'UINT', signed/unsigned mismatch
C:\Users\Bruce Segal\OneDrive\Projects\busmaster\Sources\BUSMASTER\DIL_Interface\HardwareListingCAN.cpp(1149,72): warning C4100: 'pResult': unreferenced formal parameter
C:\Users\Bruce Segal\OneDrive\Projects\busmaster\Sources\BUSMASTER\DIL_Interface\HardwareListingCAN.cpp(1149,55): warning C4100: 'pNMHDR': unreferenced formal parameter
C:\Users\Bruce Segal\OneDrive\Projects\busmaster\Sources\BUSMASTER\DIL_Interface\HardwareListingCAN.cpp(1153,80): warning C4100: 'pResult': unreferenced formal parameter
C:\Users\Bruce Segal\OneDrive\Projects\busmaster\Sources\BUSMASTER\DIL_Interface\HardwareListingCAN.cpp(1153,63): warning C4100: 'pNMHDR': unreferenced formal parameter
C:\Users\Bruce Segal\OneDrive\Projects\busmaster\Sources\BUSMASTER\DIL_Interface\HardwareListingCAN.cpp(1231,12): warning C4189: 'dBaudRate': local variable is initialized but not referenced
  Generating Code...
C:\Users\Bruce Segal\OneDrive\Projects\busmaster\Sources\BUSMASTER\DIL_Interface\HardwareListingCAN.cpp(1228): warning C4701: potentially uninitialized local variable 'unButtonState' used
C:\Users\Bruce Segal\OneDrive\Projects\busmaster\Sources\BUSMASTER\CAN_MHS\CAN_MHS.cpp(1273): warning C4706: assignment within conditional expression
C:\Program Files (x86)\Microsoft Visual Studio\2019\Preview\MSBuild\Microsoft\VC\v160\Microsoft.CppBuild.targets(1324,5): warning MSB8012: TargetPath(C:\Users\Bruce Segal\OneDrive\Projects\busmaster\Sources\BUSMASTER\CAN_MHS\Debug\CAN_MHS.dll) does not match the Linker's OutputFile property value (C:\Users\Bruce Segal\OneDrive\Projects\busmaster\Sources\BUSMASTER\bin\Debug\CAN_MHS.dll). This may cause your project to build incorrectly. To correct this, please make sure that $(OutDir), $(TargetName) and $(TargetExt) property values match the value specified in %(Link.OutputFile).
LINK : fatal error LNK1104: cannot open file 'C:\Users\Bruce Segal\OneDrive\Projects\busmaster\Sources\BUSMASTER\\BIN\Libs\Debug\Utils.lib'
