The system is: Windows - 10.0.20185 - AMD64
Compiling the C compiler identification source file "CMakeCCompilerId.c" succeeded.
Compiler: C:/Program Files (x86)/Microsoft Visual Studio/2019/Preview/VC/Tools/MSVC/14.28.29115/bin/Hostx64/x64/cl.exe 
Build flags: 
Id flags:  

The output was:
0
Microsoft (R) C/C++ Optimizing Compiler Version 19.28.29115 for x64
Copyright (C) Microsoft Corporation.  All rights reserved.

CMakeCCompilerId.c
Microsoft (R) Incremental Linker Version 14.28.29115.0
Copyright (C) Microsoft Corporation.  All rights reserved.

/out:CMakeCCompilerId.exe 
CMakeCCompilerId.obj 


Compilation of the C compiler identification source "CMakeCCompilerId.c" produced "CMakeCCompilerId.exe"

Compilation of the C compiler identification source "CMakeCCompilerId.c" produced "CMakeCCompilerId.obj"

The C compiler identification is MSVC, found in "C:/Users/Bruce Segal/OneDrive/Projects/busmaster/Sources/Kernel/BusmasterDriverInterface/DIL_J1939/out/build/x64-Debug (default)/CMakeFiles/3.17.20032601-MSVC_2/CompilerIdC/CMakeCCompilerId.exe"

Compiling the CXX compiler identification source file "CMakeCXXCompilerId.cpp" succeeded.
Compiler: C:/Program Files (x86)/Microsoft Visual Studio/2019/Preview/VC/Tools/MSVC/14.28.29115/bin/Hostx64/x64/cl.exe 
Build flags: 
Id flags:  

The output was:
0
Microsoft (R) C/C++ Optimizing Compiler Version 19.28.29115 for x64
Copyright (C) Microsoft Corporation.  All rights reserved.

CMakeCXXCompilerId.cpp
Microsoft (R) Incremental Linker Version 14.28.29115.0
Copyright (C) Microsoft Corporation.  All rights reserved.

/out:CMakeCXXCompilerId.exe 
CMakeCXXCompilerId.obj 


Compilation of the CXX compiler identification source "CMakeCXXCompilerId.cpp" produced "CMakeCXXCompilerId.exe"

Compilation of the CXX compiler identification source "CMakeCXXCompilerId.cpp" produced "CMakeCXXCompilerId.obj"

The CXX compiler identification is MSVC, found in "C:/Users/Bruce Segal/OneDrive/Projects/busmaster/Sources/Kernel/BusmasterDriverInterface/DIL_J1939/out/build/x64-Debug (default)/CMakeFiles/3.17.20032601-MSVC_2/CompilerIdCXX/CMakeCXXCompilerId.exe"

Determining if the C compiler works passed with the following output:
Change Dir: C:/Users/Bruce Segal/OneDrive/Projects/busmaster/Sources/Kernel/BusmasterDriverInterface/DIL_J1939/out/build/x64-Debug (default)/CMakeFiles/CMakeTmp

Run Build Command(s):C:/Program Files (x86)/Microsoft Visual Studio/2019/Preview/Common7/IDE/CommonExtensions/Microsoft/CMake/Ninja/ninja.exe cmTC_5782a && [1/2] Building C object CMakeFiles\cmTC_5782a.dir\testCCompiler.c.obj
[2/2] Linking C executable cmTC_5782a.exe



Detecting C compiler ABI info compiled with the following output:
Change Dir: C:/Users/Bruce Segal/OneDrive/Projects/busmaster/Sources/Kernel/BusmasterDriverInterface/DIL_J1939/out/build/x64-Debug (default)/CMakeFiles/CMakeTmp

Run Build Command(s):C:/Program Files (x86)/Microsoft Visual Studio/2019/Preview/Common7/IDE/CommonExtensions/Microsoft/CMake/Ninja/ninja.exe cmTC_f448d && [1/2] Building C object CMakeFiles\cmTC_f448d.dir\CMakeCCompilerABI.c.obj
[2/2] Linking C executable cmTC_f448d.exe



Determining if the CXX compiler works passed with the following output:
Change Dir: C:/Users/Bruce Segal/OneDrive/Projects/busmaster/Sources/Kernel/BusmasterDriverInterface/DIL_J1939/out/build/x64-Debug (default)/CMakeFiles/CMakeTmp

Run Build Command(s):C:/Program Files (x86)/Microsoft Visual Studio/2019/Preview/Common7/IDE/CommonExtensions/Microsoft/CMake/Ninja/ninja.exe cmTC_2b81b && [1/2] Building CXX object CMakeFiles\cmTC_2b81b.dir\testCXXCompiler.cxx.obj
[2/2] Linking CXX executable cmTC_2b81b.exe



Detecting CXX compiler ABI info compiled with the following output:
Change Dir: C:/Users/Bruce Segal/OneDrive/Projects/busmaster/Sources/Kernel/BusmasterDriverInterface/DIL_J1939/out/build/x64-Debug (default)/CMakeFiles/CMakeTmp

Run Build Command(s):C:/Program Files (x86)/Microsoft Visual Studio/2019/Preview/Common7/IDE/CommonExtensions/Microsoft/CMake/Ninja/ninja.exe cmTC_1c1c7 && [1/2] Building CXX object CMakeFiles\cmTC_1c1c7.dir\CMakeCXXCompilerABI.cpp.obj
[2/2] Linking CXX executable cmTC_1c1c7.exe



